#
# There is insufficient memory for the Java Runtime Environment to continue.
# Native memory allocation (mmap) failed to map 65536 bytes for Failed to commit metaspace.
# Possible reasons:
#   The system is out of physical RAM or swap space
#   The process is running with CompressedOops enabled, and the Java Heap may be blocking the growth of the native heap
# Possible solutions:
#   Reduce memory load on the system
#   Increase physical memory or swap space
#   Check if swap backing store is full
#   Decrease Java heap size (-Xmx/-Xms)
#   Decrease number of Java threads
#   Decrease Java thread stack sizes (-Xss)
#   Set larger code cache with -XX:ReservedCodeCacheSize=
#   JVM is running with Zero Based Compressed Oops mode in which the Java heap is
#     placed in the first 32GB address space. The Java Heap base address is the
#     maximum limit for the native heap growth. Please use -XX:HeapBaseMinAddress
#     to set the Java Heap base and to place the Java Heap above 32GB virtual address.
# This output file may be truncated or incomplete.
#
#  Out of Memory Error (virtualSpaceNode.cpp:110), pid=31620, tid=25472
#
# JRE version: OpenJDK Runtime Environment Temurin-19.0.2+7 (19.0.2+7) (build 19.0.2+7)
# Java VM: OpenJDK 64-Bit Server VM Temurin-19.0.2+7 (19.0.2+7, mixed mode, tiered, compressed oops, compressed class ptrs, g1 gc, windows-amd64)
# No core dump will be written. Minidumps are not enabled by default on client versions of Windows
#

---------------  S U M M A R Y ------------

Command Line: -Dfile.encoding=UTF-8 --module-path=D:\MS Course work\DBMS\project\mysql-connector-j-8.0.32\mysql-connector-j-8.0.32.jar -XX:+ShowCodeDetailsInExceptionMessages cpsc4620.Menu

Host: Intel(R) Core(TM) i5-8300H CPU @ 2.30GHz, 8 cores, 15G,  Windows 11 , 64 bit Build 22621 (10.0.22621.1485)
Time: Sun Apr 23 21:27:32 2023 Eastern Daylight Time elapsed time: 0.662104 seconds (0d 0h 0m 0s)

---------------  T H R E A D  ---------------

Current thread (0x0000020e4d91c0d0):  JavaThread "main" [_thread_in_vm, id=25472, stack(0x000000a5c5c00000,0x000000a5c5d00000)]

Stack: [0x000000a5c5c00000,0x000000a5c5d00000]
Native frames: (J=compiled Java code, j=interpreted, Vv=VM code, C=native code)
V  [jvm.dll+0x6e9e1a]
V  [jvm.dll+0x8a36c0]
V  [jvm.dll+0x8a50ae]
V  [jvm.dll+0x8a5763]
V  [jvm.dll+0x27bcdf]
V  [jvm.dll+0x89f28b]
V  [jvm.dll+0x68d156]
V  [jvm.dll+0x1eb1ce]
V  [jvm.dll+0x68fb7b]
V  [jvm.dll+0x68f97e]
V  [jvm.dll+0x68db5e]
V  [jvm.dll+0x268270]
V  [jvm.dll+0x21773d]
V  [jvm.dll+0x20d111]
V  [jvm.dll+0x5a4595]
V  [jvm.dll+0x21e127]
V  [jvm.dll+0x818f1d]
V  [jvm.dll+0x81a326]
V  [jvm.dll+0x81a658]
V  [jvm.dll+0x26aa96]
V  [jvm.dll+0x3d578e]
C  0x0000020e59f5d33d

Java frames: (J=compiled Java code, j=interpreted, Vv=VM code)
j  sun.security.ssl.KeyShareExtension$SHKeyShareConsumer.consume(Lsun/security/ssl/ConnectionContext;Lsun/security/ssl/SSLHandshake$HandshakeMessage;Ljava/nio/ByteBuffer;)V+69 java.base@19.0.2
j  sun.security.ssl.SSLExtension.consumeOnLoad(Lsun/security/ssl/ConnectionContext;Lsun/security/ssl/SSLHandshake$HandshakeMessage;Ljava/nio/ByteBuffer;)V+14 java.base@19.0.2
j  sun.security.ssl.SSLExtensions.consumeOnLoad(Lsun/security/ssl/HandshakeContext;[Lsun/security/ssl/SSLExtension;)V+253 java.base@19.0.2
j  sun.security.ssl.ServerHello$T13ServerHelloConsumer.consume(Lsun/security/ssl/ConnectionContext;Lsun/security/ssl/SSLHandshake$HandshakeMessage;)V+88 java.base@19.0.2
j  sun.security.ssl.ServerHello$ServerHelloConsumer.onServerHello(Lsun/security/ssl/ClientHandshakeContext;Lsun/security/ssl/ServerHello$ServerHelloMessage;)V+291 java.base@19.0.2
j  sun.security.ssl.ServerHello$ServerHelloConsumer.consume(Lsun/security/ssl/ConnectionContext;Ljava/nio/ByteBuffer;)V+136 java.base@19.0.2
j  sun.security.ssl.SSLHandshake.consume(Lsun/security/ssl/ConnectionContext;Ljava/nio/ByteBuffer;)V+13 java.base@19.0.2
j  sun.security.ssl.HandshakeContext.dispatch(BLjava/nio/ByteBuffer;)V+73 java.base@19.0.2
j  sun.security.ssl.HandshakeContext.dispatch(BLsun/security/ssl/Plaintext;)V+191 java.base@19.0.2
j  sun.security.ssl.TransportContext.dispatch(Lsun/security/ssl/Plaintext;)V+257 java.base@19.0.2
j  sun.security.ssl.SSLTransport.decode(Lsun/security/ssl/TransportContext;[Ljava/nio/ByteBuffer;II[Ljava/nio/ByteBuffer;II)Lsun/security/ssl/Plaintext;+281 java.base@19.0.2
j  sun.security.ssl.SSLSocketImpl.decode(Ljava/nio/ByteBuffer;)Lsun/security/ssl/Plaintext;+14 java.base@19.0.2
j  sun.security.ssl.SSLSocketImpl.readHandshakeRecord()I+12 java.base@19.0.2
j  sun.security.ssl.SSLSocketImpl.startHandshake(Z)V+122 java.base@19.0.2
j  sun.security.ssl.SSLSocketImpl.startHandshake()V+2 java.base@19.0.2
j  com.mysql.cj.protocol.ExportControlled.performTlsHandshake(Ljava/net/Socket;Lcom/mysql/cj/protocol/SocketConnection;Lcom/mysql/cj/ServerVersion;Lcom/mysql/cj/log/Log;)Ljava/net/Socket;+235 mysql.connector.j@8.0.32
j  com.mysql.cj.protocol.StandardSocketFactory.performTlsHandshake(Lcom/mysql/cj/protocol/SocketConnection;Lcom/mysql/cj/protocol/ServerSession;Lcom/mysql/cj/log/Log;)Ljava/io/Closeable;+21 mysql.connector.j@8.0.32
j  com.mysql.cj.protocol.a.NativeSocketConnection.performTlsHandshake(Lcom/mysql/cj/protocol/ServerSession;Lcom/mysql/cj/log/Log;)V+8 mysql.connector.j@8.0.32
j  com.mysql.cj.protocol.a.NativeProtocol.negotiateSSLConnection()V+116 mysql.connector.j@8.0.32
j  com.mysql.cj.protocol.a.NativeAuthenticationProvider.connect(Ljava/lang/String;Ljava/lang/String;Ljava/lang/String;)V+765 mysql.connector.j@8.0.32
j  com.mysql.cj.protocol.a.NativeProtocol.connect(Ljava/lang/String;Ljava/lang/String;Ljava/lang/String;)V+11 mysql.connector.j@8.0.32
j  com.mysql.cj.NativeSession.connect(Lcom/mysql/cj/conf/HostInfo;Ljava/lang/String;Ljava/lang/String;Ljava/lang/String;ILcom/mysql/cj/TransactionEventHandler;)V+110 mysql.connector.j@8.0.32
j  com.mysql.cj.jdbc.ConnectionImpl.connectOneTryOnly(Z)V+32 mysql.connector.j@8.0.32
j  com.mysql.cj.jdbc.ConnectionImpl.createNewIO(Z)V+27 mysql.connector.j@8.0.32
j  com.mysql.cj.jdbc.ConnectionImpl.<init>(Lcom/mysql/cj/conf/HostInfo;)V+753 mysql.connector.j@8.0.32
j  com.mysql.cj.jdbc.ConnectionImpl.getInstance(Lcom/mysql/cj/conf/HostInfo;)Lcom/mysql/cj/jdbc/JdbcConnection;+5 mysql.connector.j@8.0.32
j  com.mysql.cj.jdbc.NonRegisteringDriver.connect(Ljava/lang/String;Ljava/util/Properties;)Ljava/sql/Connection;+72 mysql.connector.j@8.0.32
j  java.sql.DriverManager.getConnection(Ljava/lang/String;Ljava/util/Properties;Ljava/lang/Class;)Ljava/sql/Connection;+133 java.sql@19.0.2
j  java.sql.DriverManager.getConnection(Ljava/lang/String;Ljava/lang/String;Ljava/lang/String;)Ljava/sql/Connection;+37 java.sql@19.0.2
j  cpsc4620.DBConnector.make_connection()Ljava/sql/Connection;+86
j  cpsc4620.Menu.main([Ljava/lang/String;)V+0
v  ~StubRoutines::call_stub 0x0000020e59f3100e

---------------  P R O C E S S  ---------------

Threads class SMR info:
_java_thread_list=0x0000020e72e29450, length=14, elements={
0x0000020e4d91c0d0, 0x0000020e6e6a23f0, 0x0000020e6e6a2fc0, 0x0000020e6e6a3ef0,
0x0000020e6e6a6830, 0x0000020e6e6a6d70, 0x0000020e72880020, 0x0000020e728a2fe0,
0x0000020e728a6fb0, 0x0000020e728a82f0, 0x0000020e729575a0, 0x0000020e72ba3ed0,
0x0000020e72db60e0, 0x0000020e728a3da0
}

Java Threads: ( => current thread )
=>0x0000020e4d91c0d0 JavaThread "main" [_thread_in_vm, id=25472, stack(0x000000a5c5c00000,0x000000a5c5d00000)]
  0x0000020e6e6a23f0 JavaThread "Reference Handler" daemon [_thread_blocked, id=26640, stack(0x000000a5c6300000,0x000000a5c6400000)]
  0x0000020e6e6a2fc0 JavaThread "Finalizer" daemon [_thread_blocked, id=38396, stack(0x000000a5c6400000,0x000000a5c6500000)]
  0x0000020e6e6a3ef0 JavaThread "Signal Dispatcher" daemon [_thread_blocked, id=10632, stack(0x000000a5c6500000,0x000000a5c6600000)]
  0x0000020e6e6a6830 JavaThread "Attach Listener" daemon [_thread_blocked, id=47952, stack(0x000000a5c6600000,0x000000a5c6700000)]
  0x0000020e6e6a6d70 JavaThread "Service Thread" daemon [_thread_blocked, id=43924, stack(0x000000a5c6700000,0x000000a5c6800000)]
  0x0000020e72880020 JavaThread "Monitor Deflation Thread" daemon [_thread_blocked, id=46184, stack(0x000000a5c6800000,0x000000a5c6900000)]
  0x0000020e728a2fe0 JavaThread "C2 CompilerThread0" daemon [_thread_blocked, id=43356, stack(0x000000a5c6900000,0x000000a5c6a00000)]
  0x0000020e728a6fb0 JavaThread "C1 CompilerThread0" daemon [_thread_in_vm, id=36496, stack(0x000000a5c6a00000,0x000000a5c6b00000)]
  0x0000020e728a82f0 JavaThread "Sweeper thread" daemon [_thread_blocked, id=43652, stack(0x000000a5c6b00000,0x000000a5c6c00000)]
  0x0000020e729575a0 JavaThread "Common-Cleaner" daemon [_thread_blocked, id=43524, stack(0x000000a5c6c00000,0x000000a5c6d00000)]
  0x0000020e72ba3ed0 JavaThread "Notification Thread" daemon [_thread_blocked, id=21816, stack(0x000000a5c6e00000,0x000000a5c6f00000)]
  0x0000020e72db60e0 JavaThread "mysql-cj-abandoned-connection-cleanup" daemon [_thread_blocked, id=22220, stack(0x000000a5c7000000,0x000000a5c7100000)]
  0x0000020e728a3da0 JavaThread "C2 CompilerThread1" daemon [_thread_blocked, id=16696, stack(0x000000a5c6d00000,0x000000a5c6e00000)]

Other Threads:
  0x0000020e72815bd0 VMThread "VM Thread" [stack: 0x000000a5c6200000,0x000000a5c6300000] [id=43392]
  0x0000020e72b26820 WatcherThread "VM Periodic Task Thread" [stack: 0x000000a5c6f00000,0x000000a5c7000000] [id=15452]
  0x0000020e4d98e010 WorkerThread "GC Thread#0" [stack: 0x000000a5c5d00000,0x000000a5c5e00000] [id=44192]
  0x0000020e4d99edb0 ConcurrentGCThread "G1 Main Marker" [stack: 0x000000a5c5e00000,0x000000a5c5f00000] [id=20488]
  0x0000020e4d9a0280 WorkerThread "G1 Conc#0" [stack: 0x000000a5c5f00000,0x000000a5c6000000] [id=18184]
  0x0000020e4d9de680 ConcurrentGCThread "G1 Refine#0" [stack: 0x000000a5c6000000,0x000000a5c6100000] [id=10272]
  0x0000020e6e507290 ConcurrentGCThread "G1 Service" [stack: 0x000000a5c6100000,0x000000a5c6200000] [id=45200]

Threads with active compile tasks:
C1 CompilerThread0      678 1160       3       jdk.internal.misc.Unsafe::getLongUnaligned (12 bytes)

VM state: not at safepoint (normal execution)

VM Mutex/Monitor currently owned by a thread:  ([mutex/lock_event])
[0x0000020e4d916780] Metaspace_lock - owner thread: 0x0000020e4d91c0d0
[0x0000020e4d916c00] MethodData_lock - owner thread: 0x0000020e728a6fb0

Heap address: 0x0000000701c00000, size: 4068 MB, Compressed Oops mode: Zero based, Oop shift amount: 3

CDS archive(s) not mapped
Compressed class space mapped at: 0x0000000800000000-0x0000000840000000, reserved size: 1073741824
Narrow klass base: 0x0000000800000000, Narrow klass shift: 0, Narrow klass range: 0x40000000

GC Precious Log:
 CardTable entry size: 512
 Card Set container configuration: InlinePtr #cards 4 size 8 Array Of Cards #cards 16 size 48 Howl #buckets 8 coarsen threshold 3686 Howl Bitmap #cards 512 size 80 coarsen threshold 460 Card regions per heap region 1 cards per card region 4096
 CPUs: 8 total, 8 available
 Memory: 16265M
 Large Page Support: Disabled
 NUMA Support: Disabled
 Compressed Oops: Enabled (Zero based)
 Heap Region Size: 2M
 Heap Min Capacity: 8M
 Heap Initial Capacity: 256M
 Heap Max Capacity: 4068M
 Pre-touch: Disabled
 Parallel Workers: 8
 Concurrent Workers: 2
 Concurrent Refinement Workers: 8
 Periodic GC: Disabled

Heap:
 garbage-first heap   total 262144K, used 16384K [0x0000000701c00000, 0x0000000800000000)
  region size 2048K, 10 young (20480K), 0 survivors (0K)
 Metaspace       used 16997K, committed 17088K, reserved 1114112K
  class space    used 1597K, committed 1664K, reserved 1048576K

Heap Regions: E=young(eden), S=young(survivor), O=old, HS=humongous(starts), HC=humongous(continues), CS=collection set, F=free, OA=open archive, CA=closed archive, TAMS=top-at-mark-start (previous, next)
|   0|0x0000000701c00000, 0x0000000701c00000, 0x0000000701e00000|  0%| F|  |TAMS 0x0000000701c00000, 0x0000000701c00000| Untracked 
|   1|0x0000000701e00000, 0x0000000701e00000, 0x0000000702000000|  0%| F|  |TAMS 0x0000000701e00000, 0x0000000701e00000| Untracked 
|   2|0x0000000702000000, 0x0000000702000000, 0x0000000702200000|  0%| F|  |TAMS 0x0000000702000000, 0x0000000702000000| Untracked 
|   3|0x0000000702200000, 0x0000000702200000, 0x0000000702400000|  0%| F|  |TAMS 0x0000000702200000, 0x0000000702200000| Untracked 
|   4|0x0000000702400000, 0x0000000702400000, 0x0000000702600000|  0%| F|  |TAMS 0x0000000702400000, 0x0000000702400000| Untracked 
|   5|0x0000000702600000, 0x0000000702600000, 0x0000000702800000|  0%| F|  |TAMS 0x0000000702600000, 0x0000000702600000| Untracked 
|   6|0x0000000702800000, 0x0000000702800000, 0x0000000702a00000|  0%| F|  |TAMS 0x0000000702800000, 0x0000000702800000| Untracked 
|   7|0x0000000702a00000, 0x0000000702a00000, 0x0000000702c00000|  0%| F|  |TAMS 0x0000000702a00000, 0x0000000702a00000| Untracked 
|   8|0x0000000702c00000, 0x0000000702c00000, 0x0000000702e00000|  0%| F|  |TAMS 0x0000000702c00000, 0x0000000702c00000| Untracked 
|   9|0x0000000702e00000, 0x0000000702e00000, 0x0000000703000000|  0%| F|  |TAMS 0x0000000702e00000, 0x0000000702e00000| Untracked 
|  10|0x0000000703000000, 0x0000000703000000, 0x0000000703200000|  0%| F|  |TAMS 0x0000000703000000, 0x0000000703000000| Untracked 
|  11|0x0000000703200000, 0x0000000703200000, 0x0000000703400000|  0%| F|  |TAMS 0x0000000703200000, 0x0000000703200000| Untracked 
|  12|0x0000000703400000, 0x0000000703400000, 0x0000000703600000|  0%| F|  |TAMS 0x0000000703400000, 0x0000000703400000| Untracked 
|  13|0x0000000703600000, 0x0000000703600000, 0x0000000703800000|  0%| F|  |TAMS 0x0000000703600000, 0x0000000703600000| Untracked 
|  14|0x0000000703800000, 0x0000000703800000, 0x0000000703a00000|  0%| F|  |TAMS 0x0000000703800000, 0x0000000703800000| Untracked 
|  15|0x0000000703a00000, 0x0000000703a00000, 0x0000000703c00000|  0%| F|  |TAMS 0x0000000703a00000, 0x0000000703a00000| Untracked 
|  16|0x0000000703c00000, 0x0000000703c00000, 0x0000000703e00000|  0%| F|  |TAMS 0x0000000703c00000, 0x0000000703c00000| Untracked 
|  17|0x0000000703e00000, 0x0000000703e00000, 0x0000000704000000|  0%| F|  |TAMS 0x0000000703e00000, 0x0000000703e00000| Untracked 
|  18|0x0000000704000000, 0x0000000704000000, 0x0000000704200000|  0%| F|  |TAMS 0x0000000704000000, 0x0000000704000000| Untracked 
|  19|0x0000000704200000, 0x0000000704200000, 0x0000000704400000|  0%| F|  |TAMS 0x0000000704200000, 0x0000000704200000| Untracked 
|  20|0x0000000704400000, 0x0000000704400000, 0x0000000704600000|  0%| F|  |TAMS 0x0000000704400000, 0x0000000704400000| Untracked 
|  21|0x0000000704600000, 0x0000000704600000, 0x0000000704800000|  0%| F|  |TAMS 0x0000000704600000, 0x0000000704600000| Untracked 
|  22|0x0000000704800000, 0x0000000704800000, 0x0000000704a00000|  0%| F|  |TAMS 0x0000000704800000, 0x0000000704800000| Untracked 
|  23|0x0000000704a00000, 0x0000000704a00000, 0x0000000704c00000|  0%| F|  |TAMS 0x0000000704a00000, 0x0000000704a00000| Untracked 
|  24|0x0000000704c00000, 0x0000000704c00000, 0x0000000704e00000|  0%| F|  |TAMS 0x0000000704c00000, 0x0000000704c00000| Untracked 
|  25|0x0000000704e00000, 0x0000000704e00000, 0x0000000705000000|  0%| F|  |TAMS 0x0000000704e00000, 0x0000000704e00000| Untracked 
|  26|0x0000000705000000, 0x0000000705000000, 0x0000000705200000|  0%| F|  |TAMS 0x0000000705000000, 0x0000000705000000| Untracked 
|  27|0x0000000705200000, 0x0000000705200000, 0x0000000705400000|  0%| F|  |TAMS 0x0000000705200000, 0x0000000705200000| Untracked 
|  28|0x0000000705400000, 0x0000000705400000, 0x0000000705600000|  0%| F|  |TAMS 0x0000000705400000, 0x0000000705400000| Untracked 
|  29|0x0000000705600000, 0x0000000705600000, 0x0000000705800000|  0%| F|  |TAMS 0x0000000705600000, 0x0000000705600000| Untracked 
|  30|0x0000000705800000, 0x0000000705800000, 0x0000000705a00000|  0%| F|  |TAMS 0x0000000705800000, 0x0000000705800000| Untracked 
|  31|0x0000000705a00000, 0x0000000705a00000, 0x0000000705c00000|  0%| F|  |TAMS 0x0000000705a00000, 0x0000000705a00000| Untracked 
|  32|0x0000000705c00000, 0x0000000705c00000, 0x0000000705e00000|  0%| F|  |TAMS 0x0000000705c00000, 0x0000000705c00000| Untracked 
|  33|0x0000000705e00000, 0x0000000705e00000, 0x0000000706000000|  0%| F|  |TAMS 0x0000000705e00000, 0x0000000705e00000| Untracked 
|  34|0x0000000706000000, 0x0000000706000000, 0x0000000706200000|  0%| F|  |TAMS 0x0000000706000000, 0x0000000706000000| Untracked 
|  35|0x0000000706200000, 0x0000000706200000, 0x0000000706400000|  0%| F|  |TAMS 0x0000000706200000, 0x0000000706200000| Untracked 
|  36|0x0000000706400000, 0x0000000706400000, 0x0000000706600000|  0%| F|  |TAMS 0x0000000706400000, 0x0000000706400000| Untracked 
|  37|0x0000000706600000, 0x0000000706600000, 0x0000000706800000|  0%| F|  |TAMS 0x0000000706600000, 0x0000000706600000| Untracked 
|  38|0x0000000706800000, 0x0000000706800000, 0x0000000706a00000|  0%| F|  |TAMS 0x0000000706800000, 0x0000000706800000| Untracked 
|  39|0x0000000706a00000, 0x0000000706a00000, 0x0000000706c00000|  0%| F|  |TAMS 0x0000000706a00000, 0x0000000706a00000| Untracked 
|  40|0x0000000706c00000, 0x0000000706c00000, 0x0000000706e00000|  0%| F|  |TAMS 0x0000000706c00000, 0x0000000706c00000| Untracked 
|  41|0x0000000706e00000, 0x0000000706e00000, 0x0000000707000000|  0%| F|  |TAMS 0x0000000706e00000, 0x0000000706e00000| Untracked 
|  42|0x0000000707000000, 0x0000000707000000, 0x0000000707200000|  0%| F|  |TAMS 0x0000000707000000, 0x0000000707000000| Untracked 
|  43|0x0000000707200000, 0x0000000707200000, 0x0000000707400000|  0%| F|  |TAMS 0x0000000707200000, 0x0000000707200000| Untracked 
|  44|0x0000000707400000, 0x0000000707400000, 0x0000000707600000|  0%| F|  |TAMS 0x0000000707400000, 0x0000000707400000| Untracked 
|  45|0x0000000707600000, 0x0000000707600000, 0x0000000707800000|  0%| F|  |TAMS 0x0000000707600000, 0x0000000707600000| Untracked 
|  46|0x0000000707800000, 0x0000000707800000, 0x0000000707a00000|  0%| F|  |TAMS 0x0000000707800000, 0x0000000707800000| Untracked 
|  47|0x0000000707a00000, 0x0000000707a00000, 0x0000000707c00000|  0%| F|  |TAMS 0x0000000707a00000, 0x0000000707a00000| Untracked 
|  48|0x0000000707c00000, 0x0000000707c00000, 0x0000000707e00000|  0%| F|  |TAMS 0x0000000707c00000, 0x0000000707c00000| Untracked 
|  49|0x0000000707e00000, 0x0000000707e00000, 0x0000000708000000|  0%| F|  |TAMS 0x0000000707e00000, 0x0000000707e00000| Untracked 
|  50|0x0000000708000000, 0x0000000708000000, 0x0000000708200000|  0%| F|  |TAMS 0x0000000708000000, 0x0000000708000000| Untracked 
|  51|0x0000000708200000, 0x0000000708200000, 0x0000000708400000|  0%| F|  |TAMS 0x0000000708200000, 0x0000000708200000| Untracked 
|  52|0x0000000708400000, 0x0000000708400000, 0x0000000708600000|  0%| F|  |TAMS 0x0000000708400000, 0x0000000708400000| Untracked 
|  53|0x0000000708600000, 0x0000000708600000, 0x0000000708800000|  0%| F|  |TAMS 0x0000000708600000, 0x0000000708600000| Untracked 
|  54|0x0000000708800000, 0x0000000708800000, 0x0000000708a00000|  0%| F|  |TAMS 0x0000000708800000, 0x0000000708800000| Untracked 
|  55|0x0000000708a00000, 0x0000000708a00000, 0x0000000708c00000|  0%| F|  |TAMS 0x0000000708a00000, 0x0000000708a00000| Untracked 
|  56|0x0000000708c00000, 0x0000000708c00000, 0x0000000708e00000|  0%| F|  |TAMS 0x0000000708c00000, 0x0000000708c00000| Untracked 
|  57|0x0000000708e00000, 0x0000000708e00000, 0x0000000709000000|  0%| F|  |TAMS 0x0000000708e00000, 0x0000000708e00000| Untracked 
|  58|0x0000000709000000, 0x0000000709000000, 0x0000000709200000|  0%| F|  |TAMS 0x0000000709000000, 0x0000000709000000| Untracked 
|  59|0x0000000709200000, 0x0000000709200000, 0x0000000709400000|  0%| F|  |TAMS 0x0000000709200000, 0x0000000709200000| Untracked 
|  60|0x0000000709400000, 0x0000000709400000, 0x0000000709600000|  0%| F|  |TAMS 0x0000000709400000, 0x0000000709400000| Untracked 
|  61|0x0000000709600000, 0x0000000709600000, 0x0000000709800000|  0%| F|  |TAMS 0x0000000709600000, 0x0000000709600000| Untracked 
|  62|0x0000000709800000, 0x0000000709800000, 0x0000000709a00000|  0%| F|  |TAMS 0x0000000709800000, 0x0000000709800000| Untracked 
|  63|0x0000000709a00000, 0x0000000709a00000, 0x0000000709c00000|  0%| F|  |TAMS 0x0000000709a00000, 0x0000000709a00000| Untracked 
|  64|0x0000000709c00000, 0x0000000709c00000, 0x0000000709e00000|  0%| F|  |TAMS 0x0000000709c00000, 0x0000000709c00000| Untracked 
|  65|0x0000000709e00000, 0x0000000709e00000, 0x000000070a000000|  0%| F|  |TAMS 0x0000000709e00000, 0x0000000709e00000| Untracked 
|  66|0x000000070a000000, 0x000000070a000000, 0x000000070a200000|  0%| F|  |TAMS 0x000000070a000000, 0x000000070a000000| Untracked 
|  67|0x000000070a200000, 0x000000070a200000, 0x000000070a400000|  0%| F|  |TAMS 0x000000070a200000, 0x000000070a200000| Untracked 
|  68|0x000000070a400000, 0x000000070a400000, 0x000000070a600000|  0%| F|  |TAMS 0x000000070a400000, 0x000000070a400000| Untracked 
|  69|0x000000070a600000, 0x000000070a600000, 0x000000070a800000|  0%| F|  |TAMS 0x000000070a600000, 0x000000070a600000| Untracked 
|  70|0x000000070a800000, 0x000000070a800000, 0x000000070aa00000|  0%| F|  |TAMS 0x000000070a800000, 0x000000070a800000| Untracked 
|  71|0x000000070aa00000, 0x000000070aa00000, 0x000000070ac00000|  0%| F|  |TAMS 0x000000070aa00000, 0x000000070aa00000| Untracked 
|  72|0x000000070ac00000, 0x000000070ac00000, 0x000000070ae00000|  0%| F|  |TAMS 0x000000070ac00000, 0x000000070ac00000| Untracked 
|  73|0x000000070ae00000, 0x000000070ae00000, 0x000000070b000000|  0%| F|  |TAMS 0x000000070ae00000, 0x000000070ae00000| Untracked 
|  74|0x000000070b000000, 0x000000070b000000, 0x000000070b200000|  0%| F|  |TAMS 0x000000070b000000, 0x000000070b000000| Untracked 
|  75|0x000000070b200000, 0x000000070b200000, 0x000000070b400000|  0%| F|  |TAMS 0x000000070b200000, 0x000000070b200000| Untracked 
|  76|0x000000070b400000, 0x000000070b400000, 0x000000070b600000|  0%| F|  |TAMS 0x000000070b400000, 0x000000070b400000| Untracked 
|  77|0x000000070b600000, 0x000000070b600000, 0x000000070b800000|  0%| F|  |TAMS 0x000000070b600000, 0x000000070b600000| Untracked 
|  78|0x000000070b800000, 0x000000070b800000, 0x000000070ba00000|  0%| F|  |TAMS 0x000000070b800000, 0x000000070b800000| Untracked 
|  79|0x000000070ba00000, 0x000000070ba00000, 0x000000070bc00000|  0%| F|  |TAMS 0x000000070ba00000, 0x000000070ba00000| Untracked 
|  80|0x000000070bc00000, 0x000000070bc00000, 0x000000070be00000|  0%| F|  |TAMS 0x000000070bc00000, 0x000000070bc00000| Untracked 
|  81|0x000000070be00000, 0x000000070be00000, 0x000000070c000000|  0%| F|  |TAMS 0x000000070be00000, 0x000000070be00000| Untracked 
|  82|0x000000070c000000, 0x000000070c000000, 0x000000070c200000|  0%| F|  |TAMS 0x000000070c000000, 0x000000070c000000| Untracked 
|  83|0x000000070c200000, 0x000000070c200000, 0x000000070c400000|  0%| F|  |TAMS 0x000000070c200000, 0x000000070c200000| Untracked 
|  84|0x000000070c400000, 0x000000070c400000, 0x000000070c600000|  0%| F|  |TAMS 0x000000070c400000, 0x000000070c400000| Untracked 
|  85|0x000000070c600000, 0x000000070c600000, 0x000000070c800000|  0%| F|  |TAMS 0x000000070c600000, 0x000000070c600000| Untracked 
|  86|0x000000070c800000, 0x000000070c800000, 0x000000070ca00000|  0%| F|  |TAMS 0x000000070c800000, 0x000000070c800000| Untracked 
|  87|0x000000070ca00000, 0x000000070ca00000, 0x000000070cc00000|  0%| F|  |TAMS 0x000000070ca00000, 0x000000070ca00000| Untracked 
|  88|0x000000070cc00000, 0x000000070cc00000, 0x000000070ce00000|  0%| F|  |TAMS 0x000000070cc00000, 0x000000070cc00000| Untracked 
|  89|0x000000070ce00000, 0x000000070ce00000, 0x000000070d000000|  0%| F|  |TAMS 0x000000070ce00000, 0x000000070ce00000| Untracked 
|  90|0x000000070d000000, 0x000000070d000000, 0x000000070d200000|  0%| F|  |TAMS 0x000000070d000000, 0x000000070d000000| Untracked 
|  91|0x000000070d200000, 0x000000070d200000, 0x000000070d400000|  0%| F|  |TAMS 0x000000070d200000, 0x000000070d200000| Untracked 
|  92|0x000000070d400000, 0x000000070d400000, 0x000000070d600000|  0%| F|  |TAMS 0x000000070d400000, 0x000000070d400000| Untracked 
|  93|0x000000070d600000, 0x000000070d600000, 0x000000070d800000|  0%| F|  |TAMS 0x000000070d600000, 0x000000070d600000| Untracked 
|  94|0x000000070d800000, 0x000000070d800000, 0x000000070da00000|  0%| F|  |TAMS 0x000000070d800000, 0x000000070d800000| Untracked 
|  95|0x000000070da00000, 0x000000070da00000, 0x000000070dc00000|  0%| F|  |TAMS 0x000000070da00000, 0x000000070da00000| Untracked 
|  96|0x000000070dc00000, 0x000000070dc00000, 0x000000070de00000|  0%| F|  |TAMS 0x000000070dc00000, 0x000000070dc00000| Untracked 
|  97|0x000000070de00000, 0x000000070de00000, 0x000000070e000000|  0%| F|  |TAMS 0x000000070de00000, 0x000000070de00000| Untracked 
|  98|0x000000070e000000, 0x000000070e000000, 0x000000070e200000|  0%| F|  |TAMS 0x000000070e000000, 0x000000070e000000| Untracked 
|  99|0x000000070e200000, 0x000000070e200000, 0x000000070e400000|  0%| F|  |TAMS 0x000000070e200000, 0x000000070e200000| Untracked 
| 100|0x000000070e400000, 0x000000070e400000, 0x000000070e600000|  0%| F|  |TAMS 0x000000070e400000, 0x000000070e400000| Untracked 
| 101|0x000000070e600000, 0x000000070e600000, 0x000000070e800000|  0%| F|  |TAMS 0x000000070e600000, 0x000000070e600000| Untracked 
| 102|0x000000070e800000, 0x000000070e800000, 0x000000070ea00000|  0%| F|  |TAMS 0x000000070e800000, 0x000000070e800000| Untracked 
| 103|0x000000070ea00000, 0x000000070ea00000, 0x000000070ec00000|  0%| F|  |TAMS 0x000000070ea00000, 0x000000070ea00000| Untracked 
| 104|0x000000070ec00000, 0x000000070ec00000, 0x000000070ee00000|  0%| F|  |TAMS 0x000000070ec00000, 0x000000070ec00000| Untracked 
| 105|0x000000070ee00000, 0x000000070ee00000, 0x000000070f000000|  0%| F|  |TAMS 0x000000070ee00000, 0x000000070ee00000| Untracked 
| 106|0x000000070f000000, 0x000000070f000000, 0x000000070f200000|  0%| F|  |TAMS 0x000000070f000000, 0x000000070f000000| Untracked 
| 107|0x000000070f200000, 0x000000070f200000, 0x000000070f400000|  0%| F|  |TAMS 0x000000070f200000, 0x000000070f200000| Untracked 
| 108|0x000000070f400000, 0x000000070f400000, 0x000000070f600000|  0%| F|  |TAMS 0x000000070f400000, 0x000000070f400000| Untracked 
| 109|0x000000070f600000, 0x000000070f600000, 0x000000070f800000|  0%| F|  |TAMS 0x000000070f600000, 0x000000070f600000| Untracked 
| 110|0x000000070f800000, 0x000000070f800000, 0x000000070fa00000|  0%| F|  |TAMS 0x000000070f800000, 0x000000070f800000| Untracked 
| 111|0x000000070fa00000, 0x000000070fa00000, 0x000000070fc00000|  0%| F|  |TAMS 0x000000070fa00000, 0x000000070fa00000| Untracked 
| 112|0x000000070fc00000, 0x000000070fc00000, 0x000000070fe00000|  0%| F|  |TAMS 0x000000070fc00000, 0x000000070fc00000| Untracked 
| 113|0x000000070fe00000, 0x000000070fe00000, 0x0000000710000000|  0%| F|  |TAMS 0x000000070fe00000, 0x000000070fe00000| Untracked 
| 114|0x0000000710000000, 0x0000000710000000, 0x0000000710200000|  0%| F|  |TAMS 0x0000000710000000, 0x0000000710000000| Untracked 
| 115|0x0000000710200000, 0x0000000710200000, 0x0000000710400000|  0%| F|  |TAMS 0x0000000710200000, 0x0000000710200000| Untracked 
| 116|0x0000000710400000, 0x0000000710400000, 0x0000000710600000|  0%| F|  |TAMS 0x0000000710400000, 0x0000000710400000| Untracked 
| 117|0x0000000710600000, 0x0000000710600000, 0x0000000710800000|  0%| F|  |TAMS 0x0000000710600000, 0x0000000710600000| Untracked 
| 118|0x0000000710800000, 0x00000007108fc0c0, 0x0000000710a00000| 49%| E|  |TAMS 0x0000000710800000, 0x0000000710800000| Complete 
| 119|0x0000000710a00000, 0x0000000710c00000, 0x0000000710c00000|100%| E|  |TAMS 0x0000000710a00000, 0x0000000710a00000| Complete 
| 120|0x0000000710c00000, 0x0000000710e00000, 0x0000000710e00000|100%| E|CS|TAMS 0x0000000710c00000, 0x0000000710c00000| Complete 
| 121|0x0000000710e00000, 0x0000000711000000, 0x0000000711000000|100%| E|CS|TAMS 0x0000000710e00000, 0x0000000710e00000| Complete 
| 122|0x0000000711000000, 0x0000000711200000, 0x0000000711200000|100%| E|CS|TAMS 0x0000000711000000, 0x0000000711000000| Complete 
| 123|0x0000000711200000, 0x0000000711400000, 0x0000000711400000|100%| E|CS|TAMS 0x0000000711200000, 0x0000000711200000| Complete 
| 124|0x0000000711400000, 0x0000000711600000, 0x0000000711600000|100%| E|CS|TAMS 0x0000000711400000, 0x0000000711400000| Complete 
| 125|0x0000000711600000, 0x0000000711800000, 0x0000000711800000|100%| E|CS|TAMS 0x0000000711600000, 0x0000000711600000| Complete 
| 126|0x0000000711800000, 0x0000000711a00000, 0x0000000711a00000|100%| E|CS|TAMS 0x0000000711800000, 0x0000000711800000| Complete 
| 127|0x0000000711a00000, 0x0000000711c00000, 0x0000000711c00000|100%| E|CS|TAMS 0x0000000711a00000, 0x0000000711a00000| Complete 

Card table byte_map: [0x0000020e62c70000,0x0000020e63470000] _byte_map_base: 0x0000020e5f462000

Marking Bits (Prev, Next): (CMBitMap*) 0x0000020e4d98e640, (CMBitMap*) 0x0000020e4d98e680
 Prev Bits: [0x0000020e63c70000, 0x0000020e67c00000)
 Next Bits: [0x0000020e67c00000, 0x0000020e6bb90000)

Polling page: 0x0000020e4d9e0000

Metaspace:

Usage:
  Non-class:     15.04 MB used.
      Class:      1.56 MB used.
       Both:     16.60 MB used.

Virtual space:
  Non-class space:       64.00 MB reserved,      15.06 MB ( 24%) committed,  1 nodes.
      Class space:        1.00 GB reserved,       1.62 MB ( <1%) committed,  1 nodes.
             Both:        1.06 GB reserved,      16.69 MB (  2%) committed. 

Chunk freelists:
   Non-Class:  448.00 KB
       Class:  2.25 MB
        Both:  2.69 MB

MaxMetaspaceSize: unlimited
CompressedClassSpaceSize: 1.00 GB
Initial GC threshold: 21.00 MB
Current GC threshold: 21.00 MB
CDS: off
MetaspaceReclaimPolicy: balanced
 - commit_granule_bytes: 65536.
 - commit_granule_words: 8192.
 - virtual_space_node_default_size: 8388608.
 - enlarge_chunks_in_place: 1.
 - new_chunks_are_fully_committed: 0.
 - uncommit_free_chunks: 1.
 - use_allocation_guard: 0.


Internal statistics:

num_allocs_failed_limit: 0.
num_arena_births: 60.
num_arena_deaths: 0.
num_vsnodes_births: 2.
num_vsnodes_deaths: 0.
num_space_committed: 267.
num_space_uncommitted: 0.
num_chunks_returned_to_freelist: 0.
num_chunks_taken_from_freelist: 220.
num_chunk_merges: 0.
num_chunk_splits: 131.
num_chunks_enlarged: 91.
num_inconsistent_stats: 0.

CodeHeap 'non-profiled nmethods': size=120000Kb used=403Kb max_used=403Kb free=119596Kb
 bounds [0x0000020e5a4d0000, 0x0000020e5a740000, 0x0000020e61a00000]
CodeHeap 'profiled nmethods': size=120000Kb used=1831Kb max_used=1831Kb free=118168Kb
 bounds [0x0000020e52a00000, 0x0000020e52c70000, 0x0000020e59f30000]
CodeHeap 'non-nmethods': size=5760Kb used=1302Kb max_used=1316Kb free=4457Kb
 bounds [0x0000020e59f30000, 0x0000020e5a1a0000, 0x0000020e5a4d0000]
 total_blobs=1681 nmethods=1159 adapters=433
 compilation: enabled
              stopped_count=0, restarted_count=0
 full_count=0

Compilation events (20 events):
Event: 0.629 Thread 0x0000020e728a3da0 nmethod 1146 0x0000020e5a532a10 code [0x0000020e5a532ba0, 0x0000020e5a532e98]
Event: 0.629 Thread 0x0000020e728a3da0 1148       4       sun.security.util.math.intpoly.IntegerPolynomial$MutableElement::setDifference (111 bytes)
Event: 0.631 Thread 0x0000020e728a6fb0 nmethod 1152 0x0000020e52bc0f90 code [0x0000020e52bc17e0, 0x0000020e52bc7598]
Event: 0.631 Thread 0x0000020e728a6fb0 1154       3       java.math.BigInteger::valueOf (62 bytes)
Event: 0.631 Thread 0x0000020e728a6fb0 nmethod 1154 0x0000020e52bc8f10 code [0x0000020e52bc90e0, 0x0000020e52bc94c8]
Event: 0.631 Thread 0x0000020e728a6fb0 1155       1       java.nio.DirectByteBuffer::attachment (5 bytes)
Event: 0.631 Thread 0x0000020e728a6fb0 nmethod 1155 0x0000020e5a533010 code [0x0000020e5a5331a0, 0x0000020e5a533278]
Event: 0.632 Thread 0x0000020e728a2fe0 nmethod 1145 0x0000020e5a533310 code [0x0000020e5a5334a0, 0x0000020e5a533778]
Event: 0.632 Thread 0x0000020e728a2fe0 1151       4       sun.security.util.math.intpoly.IntegerPolynomial::conditionalAssign (46 bytes)
Event: 0.633 Thread 0x0000020e728a3da0 nmethod 1148 0x0000020e5a533990 code [0x0000020e5a533b20, 0x0000020e5a533dd8]
Event: 0.633 Thread 0x0000020e728a3da0 1150       4       sun.security.util.math.intpoly.IntegerPolynomialP256::carryReduce (454 bytes)
Event: 0.634 Thread 0x0000020e728a3da0 nmethod 1150 0x0000020e5a534010 code [0x0000020e5a5341a0, 0x0000020e5a534478]
Event: 0.635 Thread 0x0000020e728a2fe0 nmethod 1151 0x0000020e5a534590 code [0x0000020e5a534720, 0x0000020e5a534938]
Event: 0.660 Thread 0x0000020e728a6fb0 1156       3       java.nio.HeapByteBuffer::ix (7 bytes)
Event: 0.660 Thread 0x0000020e728a6fb0 nmethod 1156 0x0000020e52bc9610 code [0x0000020e52bc97a0, 0x0000020e52bc98b8]
Event: 0.661 Thread 0x0000020e728a6fb0 1158       3       sun.security.provider.SHA5::lf_S (11 bytes)
Event: 0.661 Thread 0x0000020e728a6fb0 nmethod 1158 0x0000020e52bc9990 code [0x0000020e52bc9b20, 0x0000020e52bc9c18]
Event: 0.661 Thread 0x0000020e728a6fb0 1159       3       sun.security.provider.SHA5::lf_R (4 bytes)
Event: 0.661 Thread 0x0000020e728a6fb0 nmethod 1159 0x0000020e52bc9c90 code [0x0000020e52bc9e20, 0x0000020e52bc9f18]
Event: 0.661 Thread 0x0000020e728a6fb0 1160       3       jdk.internal.misc.Unsafe::getLongUnaligned (12 bytes)

GC Heap History (0 events):
No events

Dll operation events (8 events):
Event: 0.006 Loaded shared library C:\Users\SARVESH\.p2\pool\plugins\org.eclipse.justj.openjdk.hotspot.jre.full.win32.x86_64_19.0.2.v20230129-1123\jre\bin\java.dll
Event: 0.011 Loaded shared library C:\Users\SARVESH\.p2\pool\plugins\org.eclipse.justj.openjdk.hotspot.jre.full.win32.x86_64_19.0.2.v20230129-1123\jre\bin\zip.dll
Event: 0.111 Loaded shared library C:\Users\SARVESH\.p2\pool\plugins\org.eclipse.justj.openjdk.hotspot.jre.full.win32.x86_64_19.0.2.v20230129-1123\jre\bin\net.dll
Event: 0.114 Loaded shared library C:\Users\SARVESH\.p2\pool\plugins\org.eclipse.justj.openjdk.hotspot.jre.full.win32.x86_64_19.0.2.v20230129-1123\jre\bin\nio.dll
Event: 0.122 Loaded shared library C:\Users\SARVESH\.p2\pool\plugins\org.eclipse.justj.openjdk.hotspot.jre.full.win32.x86_64_19.0.2.v20230129-1123\jre\bin\zip.dll
Event: 0.177 Loaded shared library C:\Users\SARVESH\.p2\pool\plugins\org.eclipse.justj.openjdk.hotspot.jre.full.win32.x86_64_19.0.2.v20230129-1123\jre\bin\jimage.dll
Event: 0.348 Loaded shared library C:\Users\SARVESH\.p2\pool\plugins\org.eclipse.justj.openjdk.hotspot.jre.full.win32.x86_64_19.0.2.v20230129-1123\jre\bin\extnet.dll
Event: 0.570 Loaded shared library C:\Users\SARVESH\.p2\pool\plugins\org.eclipse.justj.openjdk.hotspot.jre.full.win32.x86_64_19.0.2.v20230129-1123\jre\bin\sunmscapi.dll

Deoptimization events (20 events):
Event: 0.465 Thread 0x0000020e4d91c0d0 Uncommon trap: trap_request=0xffffffde fr.pc=0x0000020e5a5039b8 relative=0x0000000000000af8
Event: 0.465 Thread 0x0000020e4d91c0d0 Uncommon trap: reason=class_check action=maybe_recompile pc=0x0000020e5a5039b8 method=java.util.HashMap.putVal(ILjava/lang/Object;Ljava/lang/Object;ZZ)Ljava/lang/Object; @ 203 c2
Event: 0.465 Thread 0x0000020e4d91c0d0 DEOPT PACKING pc=0x0000020e5a5039b8 sp=0x000000a5c5cfd0c0
Event: 0.465 Thread 0x0000020e4d91c0d0 DEOPT UNPACKING pc=0x0000020e59f96da3 sp=0x000000a5c5cfd070 mode 2
Event: 0.465 Thread 0x0000020e4d91c0d0 Uncommon trap: trap_request=0xffffffde fr.pc=0x0000020e5a5039b8 relative=0x0000000000000af8
Event: 0.465 Thread 0x0000020e4d91c0d0 Uncommon trap: reason=class_check action=maybe_recompile pc=0x0000020e5a5039b8 method=java.util.HashMap.putVal(ILjava/lang/Object;Ljava/lang/Object;ZZ)Ljava/lang/Object; @ 203 c2
Event: 0.465 Thread 0x0000020e4d91c0d0 DEOPT PACKING pc=0x0000020e5a5039b8 sp=0x000000a5c5cfd0c0
Event: 0.465 Thread 0x0000020e4d91c0d0 DEOPT UNPACKING pc=0x0000020e59f96da3 sp=0x000000a5c5cfd070 mode 2
Event: 0.465 Thread 0x0000020e4d91c0d0 Uncommon trap: trap_request=0xffffffde fr.pc=0x0000020e5a5039b8 relative=0x0000000000000af8
Event: 0.465 Thread 0x0000020e4d91c0d0 Uncommon trap: reason=class_check action=maybe_recompile pc=0x0000020e5a5039b8 method=java.util.HashMap.putVal(ILjava/lang/Object;Ljava/lang/Object;ZZ)Ljava/lang/Object; @ 203 c2
Event: 0.465 Thread 0x0000020e4d91c0d0 DEOPT PACKING pc=0x0000020e5a5039b8 sp=0x000000a5c5cfd0c0
Event: 0.465 Thread 0x0000020e4d91c0d0 DEOPT UNPACKING pc=0x0000020e59f96da3 sp=0x000000a5c5cfd070 mode 2
Event: 0.466 Thread 0x0000020e4d91c0d0 Uncommon trap: trap_request=0xffffffde fr.pc=0x0000020e5a5039b8 relative=0x0000000000000af8
Event: 0.466 Thread 0x0000020e4d91c0d0 Uncommon trap: reason=class_check action=maybe_recompile pc=0x0000020e5a5039b8 method=java.util.HashMap.putVal(ILjava/lang/Object;Ljava/lang/Object;ZZ)Ljava/lang/Object; @ 203 c2
Event: 0.466 Thread 0x0000020e4d91c0d0 DEOPT PACKING pc=0x0000020e5a5039b8 sp=0x000000a5c5cfd0c0
Event: 0.466 Thread 0x0000020e4d91c0d0 DEOPT UNPACKING pc=0x0000020e59f96da3 sp=0x000000a5c5cfd070 mode 2
Event: 0.590 Thread 0x0000020e4d91c0d0 Uncommon trap: trap_request=0xffffff45 fr.pc=0x0000020e5a52b480 relative=0x00000000000001e0
Event: 0.590 Thread 0x0000020e4d91c0d0 Uncommon trap: reason=unstable_if action=reinterpret pc=0x0000020e5a52b480 method=java.io.ByteArrayInputStream.read()I @ 8 c2
Event: 0.591 Thread 0x0000020e4d91c0d0 DEOPT PACKING pc=0x0000020e5a52b480 sp=0x000000a5c5cfcdf0
Event: 0.591 Thread 0x0000020e4d91c0d0 DEOPT UNPACKING pc=0x0000020e59f96da3 sp=0x000000a5c5cfcda8 mode 2

Classes loaded (20 events):
Event: 0.629 Loading class sun/security/ssl/KeyShareExtension$CHKeyShareSpec done
Event: 0.630 Loading class sun/security/ssl/RenegoInfoExtension$RenegotiationInfoSpec
Event: 0.630 Loading class sun/security/ssl/RenegoInfoExtension$RenegotiationInfoSpec done
Event: 0.630 Loading class sun/security/ssl/OutputRecord$T13PaddingHolder
Event: 0.630 Loading class sun/security/ssl/OutputRecord$T13PaddingHolder done
Event: 0.630 Loading class sun/security/ssl/ContentType
Event: 0.630 Loading class sun/security/ssl/ContentType done
Event: 0.660 Loading class sun/security/ssl/Plaintext
Event: 0.660 Loading class sun/security/ssl/Plaintext done
Event: 0.660 Loading class sun/security/ssl/TransportContext$1
Event: 0.660 Loading class sun/security/ssl/TransportContext$1 done
Event: 0.660 Loading class sun/security/ssl/ServerHello$ServerHelloMessage
Event: 0.660 Loading class sun/security/ssl/ServerHello$ServerHelloMessage done
Event: 0.660 Loading class sun/security/ssl/SupportedVersionsExtension$SHSupportedVersionsSpec
Event: 0.660 Loading class sun/security/ssl/SupportedVersionsExtension$SHSupportedVersionsSpec done
Event: 0.660 Loading class sun/security/ssl/HandshakeHash$T13HandshakeHash
Event: 0.660 Loading class sun/security/ssl/HandshakeHash$T13HandshakeHash done
Event: 0.660 Loading class sun/security/ssl/HandshakeHash$CloneableHash
Event: 0.660 Loading class sun/security/ssl/HandshakeHash$CloneableHash done
Event: 0.661 Loading class sun/security/ssl/KeyShareExtension$SHKeyShareSpec

Classes unloaded (0 events):
No events

Classes redefined (0 events):
No events

Internal exceptions (13 events):
Event: 0.151 Thread 0x0000020e4d91c0d0 Exception <a 'java/lang/NoSuchMethodError'{0x000000071198ca08}: 'void java.lang.invoke.DirectMethodHandle$Holder.invokeSpecial(java.lang.Object, java.lang.Object, java.lang.Object)'> (0x000000071198ca08) 
thrown [s\src\hotspot\share\interpreter\linkResolver.cpp, line 774]
Event: 0.155 Thread 0x0000020e4d91c0d0 Exception <a 'java/lang/NoSuchMethodError'{0x00000007119a3370}: 'void java.lang.invoke.DirectMethodHandle$Holder.invokeSpecial(java.lang.Object, java.lang.Object, java.lang.Object, java.lang.Object, java.lang.Object)'> (0x00000007119a3370) 
thrown [s\src\hotspot\share\interpreter\linkResolver.cpp, line 774]
Event: 0.158 Thread 0x0000020e4d91c0d0 Exception <a 'java/lang/NoSuchMethodError'{0x00000007119b2d90}: 'java.lang.Object java.lang.invoke.DirectMethodHandle$Holder.invokeInterface(java.lang.Object, java.lang.Object)'> (0x00000007119b2d90) 
thrown [s\src\hotspot\share\interpreter\linkResolver.cpp, line 774]
Event: 0.158 Thread 0x0000020e4d91c0d0 Exception <a 'java/lang/IncompatibleClassChangeError'{0x00000007119b62e0}: Found class java.lang.Object, but interface was expected> (0x00000007119b62e0) 
thrown [s\src\hotspot\share\interpreter\linkResolver.cpp, line 841]
Event: 0.159 Thread 0x0000020e4d91c0d0 Exception <a 'java/lang/NoSuchMethodError'{0x00000007119b9138}: 'void java.lang.invoke.DirectMethodHandle$Holder.invokeStatic(java.lang.Object, java.lang.Object, java.lang.Object, java.lang.Object)'> (0x00000007119b9138) 
thrown [s\src\hotspot\share\interpreter\linkResolver.cpp, line 774]
Event: 0.216 Thread 0x0000020e4d91c0d0 Exception <a 'java/lang/NoSuchMethodError'{0x0000000711406790}: 'java.lang.Object java.lang.invoke.DirectMethodHandle$Holder.invokeStaticInit(java.lang.Object)'> (0x0000000711406790) 
thrown [s\src\hotspot\share\interpreter\linkResolver.cpp, line 774]
Event: 0.242 Thread 0x0000020e4d91c0d0 Exception <a 'java/lang/NoSuchMethodError'{0x00000007114b6b40}: 'void java.lang.invoke.DirectMethodHandle$Holder.invokeStatic(java.lang.Object, java.lang.Object, java.lang.Object)'> (0x00000007114b6b40) 
thrown [s\src\hotspot\share\interpreter\linkResolver.cpp, line 774]
Event: 0.243 Thread 0x0000020e4d91c0d0 Exception <a 'java/lang/NoSuchMethodError'{0x00000007114c0880}: 'java.lang.Object java.lang.invoke.DirectMethodHandle$Holder.invokeVirtual(java.lang.Object, java.lang.Object, java.lang.Object)'> (0x00000007114c0880) 
thrown [s\src\hotspot\share\interpreter\linkResolver.cpp, line 774]
Event: 0.349 Thread 0x0000020e4d91c0d0 Exception <a 'java/lang/NoSuchMethodError'{0x000000071104f440}: 'void java.lang.invoke.DirectMethodHandle$Holder.invokeStatic(java.lang.Object, java.lang.Object)'> (0x000000071104f440) 
thrown [s\src\hotspot\share\interpreter\linkResolver.cpp, line 774]
Event: 0.444 Thread 0x0000020e4d91c0d0 Exception <a 'java/lang/NoSuchMethodError'{0x0000000710f6a000}: 'void java.lang.invoke.DirectMethodHandle$Holder.invokeStaticInit(java.lang.Object, java.lang.Object)'> (0x0000000710f6a000) 
thrown [s\src\hotspot\share\interpreter\linkResolver.cpp, line 774]
Event: 0.485 Thread 0x0000020e4d91c0d0 Exception <a 'sun/nio/fs/WindowsException'{0x0000000710ce7068}> (0x0000000710ce7068) 
thrown [s\src\hotspot\share\prims\jni.cpp, line 517]
Event: 0.520 Thread 0x0000020e4d91c0d0 Exception <a 'java/lang/NoSuchMethodError'{0x0000000710dc06e8}: 'java.lang.Object java.lang.invoke.DirectMethodHandle$Holder.invokeStaticInit(java.lang.Object, int, int, int, int)'> (0x0000000710dc06e8) 
thrown [s\src\hotspot\share\interpreter\linkResolver.cpp, line 774]
Event: 0.556 Thread 0x0000020e4d91c0d0 Exception <a 'java/lang/NoSuchMethodError'{0x0000000710dff158}: 'java.lang.Object java.lang.invoke.DirectMethodHandle$Holder.invokeStaticInit(java.lang.Object, java.lang.Object, int, int, int, int)'> (0x0000000710dff158) 
thrown [s\src\hotspot\share\interpreter\linkResolver.cpp, line 774]

VM Operations (20 events):
Event: 0.123 Executing VM operation: HandshakeAllThreads
Event: 0.123 Executing VM operation: HandshakeAllThreads done
Event: 0.156 Executing VM operation: HandshakeAllThreads
Event: 0.156 Executing VM operation: HandshakeAllThreads done
Event: 0.186 Executing VM operation: HandshakeAllThreads
Event: 0.186 Executing VM operation: HandshakeAllThreads done
Event: 0.204 Executing VM operation: HandshakeAllThreads
Event: 0.204 Executing VM operation: HandshakeAllThreads done
Event: 0.207 Executing VM operation: HandshakeAllThreads
Event: 0.207 Executing VM operation: HandshakeAllThreads done
Event: 0.236 Executing VM operation: HandshakeAllThreads
Event: 0.236 Executing VM operation: HandshakeAllThreads done
Event: 0.297 Executing VM operation: HandshakeAllThreads
Event: 0.297 Executing VM operation: HandshakeAllThreads done
Event: 0.342 Executing VM operation: HandshakeAllThreads
Event: 0.342 Executing VM operation: HandshakeAllThreads done
Event: 0.495 Executing VM operation: HandshakeAllThreads
Event: 0.495 Executing VM operation: HandshakeAllThreads done
Event: 0.507 Executing VM operation: ICBufferFull
Event: 0.507 Executing VM operation: ICBufferFull done

Events (16 events):
Event: 0.031 Thread 0x0000020e4d91c0d0 Thread added: 0x0000020e4d91c0d0
Event: 0.053 Thread 0x0000020e6e6a23f0 Thread added: 0x0000020e6e6a23f0
Event: 0.053 Thread 0x0000020e6e6a2fc0 Thread added: 0x0000020e6e6a2fc0
Event: 0.054 Thread 0x0000020e6e6a3ef0 Thread added: 0x0000020e6e6a3ef0
Event: 0.054 Thread 0x0000020e6e6a6830 Thread added: 0x0000020e6e6a6830
Event: 0.054 Thread 0x0000020e6e6a6d70 Thread added: 0x0000020e6e6a6d70
Event: 0.054 Thread 0x0000020e72880020 Thread added: 0x0000020e72880020
Event: 0.054 Thread 0x0000020e728a2fe0 Thread added: 0x0000020e728a2fe0
Event: 0.054 Thread 0x0000020e728a6fb0 Thread added: 0x0000020e728a6fb0
Event: 0.054 Thread 0x0000020e728a82f0 Thread added: 0x0000020e728a82f0
Event: 0.094 Thread 0x0000020e729575a0 Thread added: 0x0000020e729575a0
Event: 0.146 Thread 0x0000020e728a53e0 Thread added: 0x0000020e728a53e0
Event: 0.169 Thread 0x0000020e72ba3ed0 Thread added: 0x0000020e72ba3ed0
Event: 0.190 Thread 0x0000020e72db60e0 Thread added: 0x0000020e72db60e0
Event: 0.383 Thread 0x0000020e728a53e0 Thread exited: 0x0000020e728a53e0
Event: 0.427 Thread 0x0000020e728a3da0 Thread added: 0x0000020e728a3da0


Dynamic libraries:
0x00007ff653870000 - 0x00007ff65387e000 	C:\Users\SARVESH\.p2\pool\plugins\org.eclipse.justj.openjdk.hotspot.jre.full.win32.x86_64_19.0.2.v20230129-1123\jre\bin\javaw.exe
0x00007ffdbdb10000 - 0x00007ffdbdd24000 	C:\WINDOWS\SYSTEM32\ntdll.dll
0x00007ffdbd640000 - 0x00007ffdbd702000 	C:\WINDOWS\System32\KERNEL32.DLL
0x00007ffdbb350000 - 0x00007ffdbb6ec000 	C:\WINDOWS\System32\KERNELBASE.dll
0x00007ffdbb6f0000 - 0x00007ffdbb801000 	C:\WINDOWS\System32\ucrtbase.dll
0x00007ffdafb80000 - 0x00007ffdafb99000 	C:\Users\SARVESH\.p2\pool\plugins\org.eclipse.justj.openjdk.hotspot.jre.full.win32.x86_64_19.0.2.v20230129-1123\jre\bin\VCRUNTIME140.dll
0x00007ffdafb60000 - 0x00007ffdafb77000 	C:\Users\SARVESH\.p2\pool\plugins\org.eclipse.justj.openjdk.hotspot.jre.full.win32.x86_64_19.0.2.v20230129-1123\jre\bin\jli.dll
0x00007ffdbc110000 - 0x00007ffdbc2bb000 	C:\WINDOWS\System32\USER32.dll
0x00007ffda0b30000 - 0x00007ffda0dbe000 	C:\WINDOWS\WinSxS\amd64_microsoft.windows.common-controls_6595b64144ccf1df_6.0.22621.608_none_a9444ca7c10bb01d\COMCTL32.dll
0x00007ffdbb320000 - 0x00007ffdbb346000 	C:\WINDOWS\System32\win32u.dll
0x00007ffdbd800000 - 0x00007ffdbd8a7000 	C:\WINDOWS\System32\msvcrt.dll
0x00007ffdbcff0000 - 0x00007ffdbd019000 	C:\WINDOWS\System32\GDI32.dll
0x00007ffdbaf50000 - 0x00007ffdbb063000 	C:\WINDOWS\System32\gdi32full.dll
0x00007ffdbb810000 - 0x00007ffdbb8aa000 	C:\WINDOWS\System32\msvcp_win.dll
0x00007ffdbbf10000 - 0x00007ffdbbf41000 	C:\WINDOWS\System32\IMM32.DLL
0x00007ffdb4bc0000 - 0x00007ffdb4bcc000 	C:\Users\SARVESH\.p2\pool\plugins\org.eclipse.justj.openjdk.hotspot.jre.full.win32.x86_64_19.0.2.v20230129-1123\jre\bin\vcruntime140_1.dll
0x00007ffdaabd0000 - 0x00007ffdaac61000 	C:\Users\SARVESH\.p2\pool\plugins\org.eclipse.justj.openjdk.hotspot.jre.full.win32.x86_64_19.0.2.v20230129-1123\jre\bin\msvcp140.dll
0x00007ffd5db80000 - 0x00007ffd5e871000 	C:\Users\SARVESH\.p2\pool\plugins\org.eclipse.justj.openjdk.hotspot.jre.full.win32.x86_64_19.0.2.v20230129-1123\jre\bin\server\jvm.dll
0x00007ffdbb9f0000 - 0x00007ffdbba9e000 	C:\WINDOWS\System32\ADVAPI32.dll
0x00007ffdbd750000 - 0x00007ffdbd7f4000 	C:\WINDOWS\System32\sechost.dll
0x00007ffdbbf50000 - 0x00007ffdbc067000 	C:\WINDOWS\System32\RPCRT4.dll
0x00007ffdb36f0000 - 0x00007ffdb3724000 	C:\WINDOWS\SYSTEM32\WINMM.dll
0x00007ffd9abf0000 - 0x00007ffd9abf9000 	C:\WINDOWS\SYSTEM32\WSOCK32.dll
0x00007ffdb21c0000 - 0x00007ffdb21ca000 	C:\WINDOWS\SYSTEM32\VERSION.dll
0x00007ffdbd8b0000 - 0x00007ffdbd921000 	C:\WINDOWS\System32\WS2_32.dll
0x00007ffdba090000 - 0x00007ffdba0a8000 	C:\WINDOWS\SYSTEM32\kernel.appcore.dll
0x00007ffdb4d90000 - 0x00007ffdb4d9a000 	C:\Users\SARVESH\.p2\pool\plugins\org.eclipse.justj.openjdk.hotspot.jre.full.win32.x86_64_19.0.2.v20230129-1123\jre\bin\jimage.dll
0x00007ffdb8260000 - 0x00007ffdb848e000 	C:\WINDOWS\SYSTEM32\DBGHELP.DLL
0x00007ffdbcab0000 - 0x00007ffdbce39000 	C:\WINDOWS\System32\combase.dll
0x00007ffdbd990000 - 0x00007ffdbda67000 	C:\WINDOWS\System32\OLEAUT32.dll
0x00007ffd9d510000 - 0x00007ffd9d542000 	C:\WINDOWS\SYSTEM32\dbgcore.DLL
0x00007ffdbb070000 - 0x00007ffdbb0eb000 	C:\WINDOWS\System32\bcryptPrimitives.dll
0x00007ffdaa830000 - 0x00007ffdaa856000 	C:\Users\SARVESH\.p2\pool\plugins\org.eclipse.justj.openjdk.hotspot.jre.full.win32.x86_64_19.0.2.v20230129-1123\jre\bin\java.dll
0x00007ffdaeb40000 - 0x00007ffdaeb58000 	C:\Users\SARVESH\.p2\pool\plugins\org.eclipse.justj.openjdk.hotspot.jre.full.win32.x86_64_19.0.2.v20230129-1123\jre\bin\zip.dll
0x00007ffdbc2c0000 - 0x00007ffdbcab0000 	C:\WINDOWS\System32\SHELL32.dll
0x00007ffdb8f60000 - 0x00007ffdb982d000 	C:\WINDOWS\SYSTEM32\windows.storage.dll
0x00007ffdb8e20000 - 0x00007ffdb8f5e000 	C:\WINDOWS\SYSTEM32\wintypes.dll
0x00007ffdbbbc0000 - 0x00007ffdbbcb1000 	C:\WINDOWS\System32\SHCORE.dll
0x00007ffdbc080000 - 0x00007ffdbc0de000 	C:\WINDOWS\System32\shlwapi.dll
0x00007ffdbae80000 - 0x00007ffdbaea1000 	C:\WINDOWS\SYSTEM32\profapi.dll
0x00007ffda9cc0000 - 0x00007ffda9cd3000 	C:\Users\SARVESH\.p2\pool\plugins\org.eclipse.justj.openjdk.hotspot.jre.full.win32.x86_64_19.0.2.v20230129-1123\jre\bin\net.dll
0x00007ffdb38a0000 - 0x00007ffdb39d7000 	C:\WINDOWS\SYSTEM32\WINHTTP.dll
0x00007ffdba500000 - 0x00007ffdba569000 	C:\WINDOWS\system32\mswsock.dll
0x00007ffda9af0000 - 0x00007ffda9b06000 	C:\Users\SARVESH\.p2\pool\plugins\org.eclipse.justj.openjdk.hotspot.jre.full.win32.x86_64_19.0.2.v20230129-1123\jre\bin\nio.dll
0x00007ffdb9b70000 - 0x00007ffdb9c63000 	C:\WINDOWS\SYSTEM32\DNSAPI.dll
0x00007ffdb9b00000 - 0x00007ffdb9b2d000 	C:\WINDOWS\SYSTEM32\IPHLPAPI.DLL
0x00007ffdbc0f0000 - 0x00007ffdbc0f9000 	C:\WINDOWS\System32\NSI.dll
0x0000000058cf0000 - 0x0000000058d16000 	C:\Program Files\Bonjour\mdnsNSP.dll
0x00007ffdb11f0000 - 0x00007ffdb11fa000 	C:\Windows\System32\rasadhlp.dll
0x00007ffdb2f20000 - 0x00007ffdb2fa3000 	C:\WINDOWS\System32\fwpuclnt.dll
0x00007ffdb3280000 - 0x00007ffdb3288000 	C:\Users\SARVESH\.p2\pool\plugins\org.eclipse.justj.openjdk.hotspot.jre.full.win32.x86_64_19.0.2.v20230129-1123\jre\bin\extnet.dll
0x00007ffdba760000 - 0x00007ffdba77b000 	C:\WINDOWS\SYSTEM32\CRYPTSP.dll
0x00007ffdba000000 - 0x00007ffdba035000 	C:\WINDOWS\system32\rsaenh.dll
0x00007ffdba600000 - 0x00007ffdba628000 	C:\WINDOWS\SYSTEM32\USERENV.dll
0x00007ffdba900000 - 0x00007ffdba928000 	C:\WINDOWS\SYSTEM32\bcrypt.dll
0x00007ffdba780000 - 0x00007ffdba78c000 	C:\WINDOWS\SYSTEM32\CRYPTBASE.dll
0x00007ffdb3880000 - 0x00007ffdb3899000 	C:\WINDOWS\SYSTEM32\dhcpcsvc6.DLL
0x00007ffdb3860000 - 0x00007ffdb387f000 	C:\WINDOWS\SYSTEM32\dhcpcsvc.DLL
0x00007ffdb4890000 - 0x00007ffdb489e000 	C:\Users\SARVESH\.p2\pool\plugins\org.eclipse.justj.openjdk.hotspot.jre.full.win32.x86_64_19.0.2.v20230129-1123\jre\bin\sunmscapi.dll
0x00007ffdbb0f0000 - 0x00007ffdbb256000 	C:\WINDOWS\System32\CRYPT32.dll
0x00007ffdba8d0000 - 0x00007ffdba8fe000 	C:\WINDOWS\SYSTEM32\ncrypt.dll
0x00007ffdba890000 - 0x00007ffdba8c7000 	C:\WINDOWS\SYSTEM32\NTASN1.dll

dbghelp: loaded successfully - version: 4.0.5 - missing functions: none
symbol engine: initialized successfully - sym options: 0x614 - pdb path: .;C:\Users\SARVESH\.p2\pool\plugins\org.eclipse.justj.openjdk.hotspot.jre.full.win32.x86_64_19.0.2.v20230129-1123\jre\bin;C:\WINDOWS\SYSTEM32;C:\WINDOWS\WinSxS\amd64_microsoft.windows.common-controls_6595b64144ccf1df_6.0.22621.608_none_a9444ca7c10bb01d;C:\Users\SARVESH\.p2\pool\plugins\org.eclipse.justj.openjdk.hotspot.jre.full.win32.x86_64_19.0.2.v20230129-1123\jre\bin\server;C:\Program Files\Bonjour

VM Arguments:
jvm_args: -Dfile.encoding=UTF-8 --module-path=D:\MS Course work\DBMS\project\mysql-connector-j-8.0.32\mysql-connector-j-8.0.32.jar -XX:+ShowCodeDetailsInExceptionMessages 
java_command: cpsc4620.Menu
java_class_path (initial): D:\MS Course work\DBMS\CPSC_DBMSGROUP8\bin
Launcher Type: SUN_STANDARD

[Global flags]
     intx CICompilerCount                          = 4                                         {product} {ergonomic}
     uint ConcGCThreads                            = 2                                         {product} {ergonomic}
     uint G1ConcRefinementThreads                  = 8                                         {product} {ergonomic}
   size_t G1HeapRegionSize                         = 2097152                                   {product} {ergonomic}
    uintx GCDrainStackTargetSize                   = 64                                        {product} {ergonomic}
   size_t InitialHeapSize                          = 268435456                                 {product} {ergonomic}
   size_t MarkStackSize                            = 4194304                                   {product} {ergonomic}
   size_t MaxHeapSize                              = 4265607168                                {product} {ergonomic}
   size_t MaxNewSize                               = 2558525440                                {product} {ergonomic}
   size_t MinHeapDeltaBytes                        = 2097152                                   {product} {ergonomic}
   size_t MinHeapSize                              = 8388608                                   {product} {ergonomic}
    uintx NonNMethodCodeHeapSize                   = 5839372                                {pd product} {ergonomic}
    uintx NonProfiledCodeHeapSize                  = 122909434                              {pd product} {ergonomic}
    uintx ProfiledCodeHeapSize                     = 122909434                              {pd product} {ergonomic}
    uintx ReservedCodeCacheSize                    = 251658240                              {pd product} {ergonomic}
     bool SegmentedCodeCache                       = true                                      {product} {ergonomic}
     bool ShowCodeDetailsInExceptionMessages       = true                                   {manageable} {command line}
   size_t SoftMaxHeapSize                          = 4265607168                             {manageable} {ergonomic}
     bool UseCompressedClassPointers               = true                           {product lp64_product} {ergonomic}
     bool UseCompressedOops                        = true                           {product lp64_product} {ergonomic}
     bool UseG1GC                                  = true                                      {product} {ergonomic}
     bool UseLargePagesIndividualAllocation        = false                                  {pd product} {ergonomic}

Logging:
Log output configuration:
 #0: stdout all=warning uptime,level,tags foldmultilines=false
 #1: stderr all=off uptime,level,tags foldmultilines=false

Environment Variables:
JAVA_HOME=C:\Program Files\Java\jdk1.8.0_141
PATH=C:/Users/SARVESH/.p2/pool/plugins/org.eclipse.justj.openjdk.hotspot.jre.full.win32.x86_64_19.0.2.v20230129-1123/jre/bin/server;C:/Users/SARVESH/.p2/pool/plugins/org.eclipse.justj.openjdk.hotspot.jre.full.win32.x86_64_19.0.2.v20230129-1123/jre/bin;C:\Program Files (x86)\Common Files\Intel\Shared Libraries\redist\intel64\compiler;C:\Program Files (x86)\Common Files\Oracle\Java\javapath;C:\ProgramData\Oracle\Java\javapath;C:\windows\system32;C:\windows;C:\windows\System32\Wbem;C:\windows\System32\WindowsPowerShell\v1.0\;C:\windows\System32\OpenSSH\;C:\Program Files (x86)\NVIDIA Corporation\PhysX\Common;C:\Program Files\Intel\WiFi\bin\;C:\Program Files\Common Files\Intel\WirelessCommon\;C:\Program Files\NVIDIA Corporation\NVIDIA NvDLISR;C:\Program Files (x86)\Microsoft SQL Server\100\Tools\Binn\;C:\Program Files (x86)\Microsoft SQL Server\100\DTS\Binn\;C:\Program Files (x86)\Microsoft SQL Server\100\Tools\Binn\VSShell\Common7\IDE\;C:\Program Files\Java\jdk1.8.0_141\bin;C:\Program Files\Java\jre1.8.0_141\bin;;C:\WINDOWS\system32;C:\WINDOWS;C:\WINDOWS\System32\Wbem;C:\WINDOWS\System32\WindowsPowerShell\v1.0\;C:\WINDOWS\System32\OpenSSH\;C:\Program Files (x86)\Intel\Intel(R) Management Engine Components\DAL;C:\Program Files\Intel\Intel(R) Management Engine Components\DAL;C:\Program Files\nodejs\;C:\Users\SARVESH\AppData\Local\Microsoft\WindowsApps;C:\Program Files\Intel\WiFi\bin\;C:\Program Files\Common Files\Intel\WirelessCommon\;C:\Users\SARVESH\AppData\Roaming\npm;;C:\Users\SARVESH\Desktop;
USERNAME=SARVESH
OS=Windows_NT
PROCESSOR_IDENTIFIER=Intel64 Family 6 Model 158 Stepping 10, GenuineIntel
TMP=C:\Users\SARVESH\AppData\Local\Temp
TEMP=C:\Users\SARVESH\AppData\Local\Temp



---------------  S Y S T E M  ---------------

OS:
 Windows 11 , 64 bit Build 22621 (10.0.22621.1485)
OS uptime: 6 days 22:04 hours

CPU: total 8 (initial active 8) (4 cores per cpu, 2 threads per core) family 6 model 158 stepping 10 microcode 0xec, cx8, cmov, fxsr, ht, mmx, 3dnowpref, sse, sse2, sse3, ssse3, sse4.1, sse4.2, popcnt, lzcnt, tsc, tscinvbit, avx, avx2, aes, erms, clmul, bmi1, bmi2, adx, fma, vzeroupper, clflush, clflushopt, rdtscp

Memory: 4k page, system-wide physical 16265M (3936M free)
TotalPageFile size 65417M (AvailPageFile size 3M)
current process WorkingSet (physical memory assigned to process): 76M, peak: 76M
current process commit charge ("private bytes"): 356M, peak: 356M

vm_info: OpenJDK 64-Bit Server VM (19.0.2+7) for windows-amd64 JRE (19.0.2+7), built on 2023-01-17T00:00:00Z by "temurin" with MS VC++ 16.7 (VS2019)

END.
